# JRE version: Java(TM) SE Runtime Environment (8.0_51-b16) (build 1.8.0_51-b16)
# Java VM: Java HotSpot(TM) 64-Bit Server VM (25.51-b03 mixed mode windows-amd64 compressed oops)
Heap:
 PSYoungGen      total 550400K, used 105650K [0x000000076ab00000, 0x0000000793100000, 0x00000007c0000000)
  eden space 488448K, 8% used [0x000000076ab00000,0x000000076d5b4b80,0x0000000788800000)
  from space 61952K, 99% used [0x000000078d480000,0x00000007910f8050,0x0000000791100000)
  to   space 78336K, 0% used [0x0000000788800000,0x0000000788800000,0x000000078d480000)
 ParOldGen       total 172032K, used 69967K [0x00000006c0000000, 0x00000006ca800000, 0x000000076ab00000)
  object space 172032K, 40% used [0x00000006c0000000,0x00000006c4453dc0,0x00000006ca800000)
 Metaspace       used 6590K, capacity 7320K, committed 7680K, reserved 1056768K
  class space    used 618K, capacity 656K, committed 768K, reserved 1048576K
GC Heap History (10 events):
Event: 2.676 GC heap before
{Heap before GC invocations=4 (full 0):
 PSYoungGen      total 75264K, used 75245K [0x000000076ab00000, 0x0000000773e00000, 0x00000007c0000000)
  eden space 64512K, 100% used [0x000000076ab00000,0x000000076ea00000,0x000000076ea00000)
  from space 10752K, 99% used [0x000000076ea00000,0x000000076f47b738,0x000000076f480000)
  to   space 10752K, 0% used [0x0000000773380000,0x0000000773380000,0x0000000773e00000)
 ParOldGen       total 172032K, used 3263K [0x00000006c0000000, 0x00000006ca800000, 0x000000076ab00000)
  object space 172032K, 1% used [0x00000006c0000000,0x00000006c032fd70,0x00000006ca800000)
 Metaspace       used 6444K, capacity 7192K, committed 7424K, reserved 1056768K
  class space    used 618K, capacity 656K, committed 768K, reserved 1048576K
Event: 2.759 GC heap after
Heap after GC invocations=4 (full 0):
 PSYoungGen      total 139776K, used 10723K [0x000000076ab00000, 0x0000000773e00000, 0x00000007c0000000)
  eden space 129024K, 0% used [0x000000076ab00000,0x000000076ab00000,0x0000000772900000)
  from space 10752K, 99% used [0x0000000773380000,0x0000000773df8e48,0x0000000773e00000)
  to   space 10752K, 0% used [0x0000000772900000,0x0000000772900000,0x0000000773380000)
 ParOldGen       total 172032K, used 13806K [0x00000006c0000000, 0x00000006ca800000, 0x000000076ab00000)
  object space 172032K, 8% used [0x00000006c0000000,0x00000006c0d7b980,0x00000006ca800000)
 Metaspace       used 6444K, capacity 7192K, committed 7424K, reserved 1056768K
  class space    used 618K, capacity 656K, committed 768K, reserved 1048576K
}
Event: 3.593 GC heap before
{Heap before GC invocations=5 (full 0):
 PSYoungGen      total 139776K, used 139747K [0x000000076ab00000, 0x0000000773e00000, 0x00000007c0000000)
  eden space 129024K, 100% used [0x000000076ab00000,0x0000000772900000,0x0000000772900000)
  from space 10752K, 99% used [0x0000000773380000,0x0000000773df8e48,0x0000000773e00000)
  to   space 10752K, 0% used [0x0000000772900000,0x0000000772900000,0x0000000773380000)
 ParOldGen       total 172032K, used 13806K [0x00000006c0000000, 0x00000006ca800000, 0x000000076ab00000)
  object space 172032K, 8% used [0x00000006c0000000,0x00000006c0d7b980,0x00000006ca800000)
 Metaspace       used 6495K, capacity 7256K, committed 7424K, reserved 1056768K
  class space    used 618K, capacity 656K, committed 768K, reserved 1048576K
Event: 3.696 GC heap after
Heap after GC invocations=5 (full 0):
 PSYoungGen      total 139776K, used 10729K [0x000000076ab00000, 0x000000077e900000, 0x00000007c0000000)
  eden space 129024K, 0% used [0x000000076ab00000,0x000000076ab00000,0x0000000772900000)
  from space 10752K, 99% used [0x0000000772900000,0x000000077337a558,0x0000000773380000)
  to   space 33792K, 0% used [0x000000077c800000,0x000000077c800000,0x000000077e900000)
 ParOldGen       total 172032K, used 31394K [0x00000006c0000000, 0x00000006ca800000, 0x000000076ab00000)
  object space 172032K, 18% used [0x00000006c0000000,0x00000006c1ea8b88,0x00000006ca800000)
 Metaspace       used 6495K, capacity 7256K, committed 7424K, reserved 1056768K
  class space    used 618K, capacity 656K, committed 768K, reserved 1048576K
}
Event: 4.414 GC heap before
{Heap before GC invocations=6 (full 0):
 PSYoungGen      total 139776K, used 139753K [0x000000076ab00000, 0x000000077e900000, 0x00000007c0000000)
  eden space 129024K, 100% used [0x000000076ab00000,0x0000000772900000,0x0000000772900000)
  from space 10752K, 99% used [0x0000000772900000,0x000000077337a558,0x0000000773380000)
  to   space 33792K, 0% used [0x000000077c800000,0x000000077c800000,0x000000077e900000)
 ParOldGen       total 172032K, used 31394K [0x00000006c0000000, 0x00000006ca800000, 0x000000076ab00000)
  object space 172032K, 18% used [0x00000006c0000000,0x00000006c1ea8b88,0x00000006ca800000)
 Metaspace       used 6531K, capacity 7256K, committed 7424K, reserved 1056768K
  class space    used 618K, capacity 656K, committed 768K, reserved 1048576K
Event: 4.616 GC heap after
Heap after GC invocations=6 (full 0):
 PSYoungGen      total 286208K, used 29951K [0x000000076ab00000, 0x000000077f400000, 0x00000007c0000000)
  eden space 252416K, 0% used [0x000000076ab00000,0x000000076ab00000,0x000000077a180000)
  from space 33792K, 88% used [0x000000077c800000,0x000000077e53fcd0,0x000000077e900000)
  to   space 39424K, 0% used [0x000000077a180000,0x000000077a180000,0x000000077c800000)
 ParOldGen       total 172032K, used 31394K [0x00000006c0000000, 0x00000006ca800000, 0x000000076ab00000)
  object space 172032K, 18% used [0x00000006c0000000,0x00000006c1ea8b88,0x00000006ca800000)
 Metaspace       used 6531K, capacity 7256K, committed 7424K, reserved 1056768K
  class space    used 618K, capacity 656K, committed 768K, reserved 1048576K
}
Event: 6.238 GC heap before
{Heap before GC invocations=7 (full 0):
 PSYoungGen      total 286208K, used 282367K [0x000000076ab00000, 0x000000077f400000, 0x00000007c0000000)
  eden space 252416K, 100% used [0x000000076ab00000,0x000000077a180000,0x000000077a180000)
  from space 33792K, 88% used [0x000000077c800000,0x000000077e53fcd0,0x000000077e900000)
  to   space 39424K, 0% used [0x000000077a180000,0x000000077a180000,0x000000077c800000)
 ParOldGen       total 172032K, used 31394K [0x00000006c0000000, 0x00000006ca800000, 0x000000076ab00000)
  object space 172032K, 18% used [0x00000006c0000000,0x00000006c1ea8b88,0x00000006ca800000)
 Metaspace       used 6575K, capacity 7320K, committed 7680K, reserved 1056768K
  class space    used 618K, capacity 656K, committed 768K, reserved 1048576K
Event: 6.660 GC heap after
Heap after GC invocations=7 (full 0):
 PSYoungGen      total 291840K, used 39419K [0x000000076ab00000, 0x0000000791100000, 0x00000007c0000000)
  eden space 252416K, 0% used [0x000000076ab00000,0x000000076ab00000,0x000000077a180000)
  from space 39424K, 99% used [0x000000077a180000,0x000000077c7fed58,0x000000077c800000)
  to   space 61952K, 0% used [0x000000078d480000,0x000000078d480000,0x0000000791100000)
 ParOldGen       total 172032K, used 59878K [0x00000006c0000000, 0x00000006ca800000, 0x000000076ab00000)
  object space 172032K, 34% used [0x00000006c0000000,0x00000006c3a79bf0,0x00000006ca800000)
 Metaspace       used 6575K, capacity 7320K, committed 7680K, reserved 1056768K
  class space    used 618K, capacity 656K, committed 768K, reserved 1048576K
}
Event: 7.703 GC heap before
{Heap before GC invocations=8 (full 0):
 PSYoungGen      total 291840K, used 291835K [0x000000076ab00000, 0x0000000791100000, 0x00000007c0000000)
  eden space 252416K, 100% used [0x000000076ab00000,0x000000077a180000,0x000000077a180000)
  from space 39424K, 99% used [0x000000077a180000,0x000000077c7fed58,0x000000077c800000)
  to   space 61952K, 0% used [0x000000078d480000,0x000000078d480000,0x0000000791100000)
 ParOldGen       total 172032K, used 59878K [0x00000006c0000000, 0x00000006ca800000, 0x000000076ab00000)
  object space 172032K, 34% used [0x00000006c0000000,0x00000006c3a79bf0,0x00000006ca800000)
 Metaspace       used 6589K, capacity 7320K, committed 7680K, reserved 1056768K
  class space    used 618K, capacity 656K, committed 768K, reserved 1048576K
Event: 7.934 GC heap after
Heap after GC invocations=8 (full 0):
 PSYoungGen      total 550400K, used 61920K [0x000000076ab00000, 0x0000000793100000, 0x00000007c0000000)
  eden space 488448K, 0% used [0x000000076ab00000,0x000000076ab00000,0x0000000788800000)
  from space 61952K, 99% used [0x000000078d480000,0x00000007910f8050,0x0000000791100000)
  to   space 78336K, 0% used [0x0000000788800000,0x0000000788800000,0x000000078d480000)
 ParOldGen       total 172032K, used 69967K [0x00000006c0000000, 0x00000006ca800000, 0x000000076ab00000)
  object space 172032K, 40% used [0x00000006c0000000,0x00000006c4453dc0,0x00000006ca800000)
 Metaspace       used 6589K, capacity 7320K, committed 7680K, reserved 1056768K
  class space    used 618K, capacity 656K, committed 768K, reserved 1048576K
}

